[2026-03-31 18:58:45,073] 161 numexpr.utils - INFO - NumExpr defaulting to 4 threads.
[2026-03-31 18:58:46,883] 112 datasets - INFO - TensorFlow version 2.20.0 available.
[2026-03-31 18:58:51,623] 24 cinematch - INFO - =======================================================
[2026-03-31 18:58:51,625] 25 cinematch - INFO -   TRAIN PIPELINE: START
[2026-03-31 18:58:51,628] 26 cinematch - INFO - =======================================================
[2026-03-31 18:58:51,660] 29 cinematch - INFO - Step 1: Data Ingestion
[2026-03-31 18:58:51,670] 38 cinematch - INFO - DataIngestion: starting
[2026-03-31 18:58:51,674] 40 cinematch - INFO - Fetching dataset: jquigl/imdb-genres
[2026-03-31 18:59:37,845] 46 cinematch - INFO - Raw columns : ['movie title - year', 'genre', 'expanded-genres', 'rating', 'description']
[2026-03-31 18:59:37,847] 47 cinematch - INFO - Train shape : (238256, 5)
[2026-03-31 18:59:37,848] 48 cinematch - INFO - Val   shape : (29809, 5)
[2026-03-31 18:59:37,864] 56 cinematch - INFO - Normalised columns: ['title', 'genre', 'expanded-genres', 'ratings', 'description']
[2026-03-31 18:59:40,680] 64 cinematch - INFO - Saved train \u2192 artifacts\raw_train.csv
[2026-03-31 18:59:40,681] 65 cinematch - INFO - Saved val   \u2192 artifacts\raw_val.csv
[2026-03-31 18:59:40,682] 66 cinematch - INFO - DataIngestion: complete
[2026-03-31 18:59:40,761] 34 cinematch - INFO - Step 2: Data Transformation
[2026-03-31 18:59:40,762] 83 cinematch - INFO - DataTransformation: starting
[2026-03-31 18:59:42,455] 86 cinematch - INFO - Loaded raw data  : (238256, 5)
[2026-03-31 18:59:42,455] 87 cinematch - INFO - Columns found    : ['title', 'genre', 'expanded-genres', 'ratings', 'description']
[2026-03-31 18:59:42,642] 103 cinematch - INFO - Dropped 0 rows with null description
[2026-03-31 18:59:43,328] 112 cinematch - INFO - Dropped 76475 duplicate rows — 161,781 unique movies remain
[2026-03-31 18:59:43,328] 115 cinematch - INFO - Cleaning description text…
[2026-03-31 19:00:10,214] 118 cinematch - INFO - After cleaning: 161,777 movies retained
[2026-03-31 19:00:10,214] 121 cinematch - INFO - Fitting TF-IDF vectorizer…
[2026-03-31 19:00:26,428] 129 cinematch - INFO - TF-IDF matrix shape : (161777, 20000)
[2026-03-31 19:00:26,428] 131 cinematch - INFO - Matrix sparsity     : 99.91%
[2026-03-31 19:00:26,664] 15 cinematch - INFO - Object saved \u2192 artifacts\processed_movies.pkl
[2026-03-31 19:00:26,917] 15 cinematch - INFO - Object saved \u2192 artifacts\tfidf_vectorizer.pkl
[2026-03-31 19:00:26,970] 15 cinematch - INFO - Object saved \u2192 artifacts\tfidf_matrix.pkl
[2026-03-31 19:00:26,971] 138 cinematch - INFO - DataTransformation: complete
[2026-03-31 19:00:26,971] 39 cinematch - INFO - Step 3: Model Training & Evaluation
[2026-03-31 19:00:26,971] 241 cinematch - INFO - ModelTrainer: starting
[2026-03-31 19:00:27,262] 246 cinematch - INFO - Evaluating model…
[2026-03-31 19:00:27,292] 105 cinematch - INFO - Matched 'Merchandise - nan' \u2192 'merchandise - nan'
[2026-03-31 19:00:27,450] 105 cinematch - INFO - Matched 'Planzet - 2010' \u2192 'planzet - 2010'
[2026-03-31 19:00:27,622] 105 cinematch - INFO - Matched 'A Song in the Shell - nan' \u2192 'a song in the shell - nan'
[2026-03-31 19:00:27,803] 105 cinematch - INFO - Matched 'The Frog Prince - 1986' \u2192 'the frog prince - 1986'
[2026-03-31 19:00:27,940] 105 cinematch - INFO - Matched 'Operation Wolves - 2019' \u2192 'operation wolves - 2019'
[2026-03-31 19:00:28,083] 105 cinematch - INFO - Matched 'Native Son - 1986' \u2192 'native son - 1986'
[2026-03-31 19:00:28,448] 105 cinematch - INFO - Matched 'Alive Alone - nan' \u2192 'alive alone - nan'
[2026-03-31 19:00:28,822] 105 cinematch - INFO - Matched 'Lua Trung Tuyên - 1961' \u2192 'lua trung tuyên - 1961'
[2026-03-31 19:00:29,003] 105 cinematch - INFO - Matched 'Twisted - 2022' \u2192 'twisted - 2022'
[2026-03-31 19:00:29,210] 105 cinematch - INFO - Matched 'KostyaNika. Vremya leta - 2006' \u2192 'kostyanika. vremya leta - 2006'
[2026-03-31 19:00:29,402] 105 cinematch - INFO - Matched 'Godfrey - nan' \u2192 'godfrey - nan'
[2026-03-31 19:00:29,609] 105 cinematch - INFO - Matched 'Lui - 2021' \u2192 'lui - 2021'
[2026-03-31 19:00:29,811] 105 cinematch - INFO - Matched 'Trhauma - 1980' \u2192 'trhauma - 1980'
[2026-03-31 19:00:30,026] 105 cinematch - INFO - Matched 'Beyond Remedy - 2009' \u2192 'beyond remedy - 2009'
[2026-03-31 19:00:30,209] 105 cinematch - INFO - Matched 'Four Girls in White - 1939' \u2192 'four girls in white - 1939'
[2026-03-31 19:00:30,451] 105 cinematch - INFO - Matched 'Bond and Holmes: Antiheroines - 2020' \u2192 'bond and holmes: antiheroines - 2020'
[2026-03-31 19:00:30,618] 105 cinematch - INFO - Matched 'Jake and the Giants - 2015' \u2192 'jake and the giants - 2015'
[2026-03-31 19:00:30,764] 105 cinematch - INFO - Matched 'The Shopsoiled Girl - 1915' \u2192 'the shopsoiled girl - 1915'
[2026-03-31 19:00:30,914] 105 cinematch - INFO - Matched 'Sand in My Sandwich - nan' \u2192 'sand in my sandwich - nan'
[2026-03-31 19:00:31,056] 105 cinematch - INFO - Matched 'The Art of Passion - 2022' \u2192 'the art of passion - 2022'
[2026-03-31 19:00:31,185] 105 cinematch - INFO - Matched 'La mille et deuxième nuit - 1933' \u2192 'la mille et deuxième nuit - 1933'
[2026-03-31 19:00:31,316] 105 cinematch - INFO - Matched 'The Witch and the Ottoman - 2021' \u2192 'the witch and the ottoman - 2021'
[2026-03-31 19:00:31,445] 105 cinematch - INFO - Matched 'The Cupboard Was Bare - 1948' \u2192 'the cupboard was bare - 1948'
[2026-03-31 19:00:31,590] 105 cinematch - INFO - Matched 'Good Morning Babylon - 1987' \u2192 'good morning babylon - 1987'
[2026-03-31 19:00:31,736] 105 cinematch - INFO - Matched 'Dolly Dearest - 1991' \u2192 'dolly dearest - 1991'
[2026-03-31 19:00:31,941] 105 cinematch - INFO - Matched 'The Swordsman - 1990' \u2192 'the swordsman - 1990'
[2026-03-31 19:00:32,104] 105 cinematch - INFO - Matched 'Tiki Bar Pirates - nan' \u2192 'tiki bar pirates - nan'
[2026-03-31 19:00:32,277] 105 cinematch - INFO - Matched 'Sadness and Joy in the Life of Giraffes - 2019' \u2192 'sadness and joy in the life of giraffes - 2019'
[2026-03-31 19:00:32,428] 105 cinematch - INFO - Matched 'Lazar - 2015' \u2192 'lazar - 2015'
[2026-03-31 19:00:32,589] 105 cinematch - INFO - Matched 'Gorgones kai mages - 1968' \u2192 'gorgones kai mages - 1968'
[2026-03-31 19:00:32,743] 105 cinematch - INFO - Matched 'Nostrum - 2010' \u2192 'nostrum - 2010'
[2026-03-31 19:00:32,910] 105 cinematch - INFO - Matched 'Simha - 2010' \u2192 'simha - 2010'
[2026-03-31 19:00:33,050] 105 cinematch - INFO - Matched 'Flipside - nan' \u2192 'flipside - nan'
[2026-03-31 19:00:33,174] 105 cinematch - INFO - Matched 'The Alaska Wilderness Adventure - 1978' \u2192 'the alaska wilderness adventure - 1978'
[2026-03-31 19:00:33,306] 105 cinematch - INFO - Matched 'Donovan's Reef - 1963' \u2192 'donovan's reef - 1963'
[2026-03-31 19:00:33,456] 105 cinematch - INFO - Matched 'An Ultraviolent Colour - 2018' \u2192 'an ultraviolent colour - 2018'
[2026-03-31 19:00:33,588] 105 cinematch - INFO - Matched 'The Song of Sway Lake - 2018' \u2192 'the song of sway lake - 2018'
[2026-03-31 19:00:33,707] 105 cinematch - INFO - Matched 'Fangs - 2022' \u2192 'fangs - 2022'
[2026-03-31 19:00:33,840] 105 cinematch - INFO - Matched 'Manila Boy - 1993' \u2192 'manila boy - 1993'
[2026-03-31 19:00:33,976] 105 cinematch - INFO - Matched 'The Romance of Annie Laurie - 1920' \u2192 'the romance of annie laurie - 1920'
[2026-03-31 19:00:34,101] 105 cinematch - INFO - Matched 'The Hammer of God - 1970' \u2192 'the hammer of god - 1970'
[2026-03-31 19:00:34,234] 105 cinematch - INFO - Matched 'Possession Diaries - 2019' \u2192 'possession diaries - 2019'
[2026-03-31 19:00:34,372] 105 cinematch - INFO - Matched 'House of Darkness - 2022' \u2192 'house of darkness - 2022'
[2026-03-31 19:00:34,507] 105 cinematch - INFO - Matched 'Private Valentine: Blonde & Dangerous - 2008' \u2192 'private valentine: blonde & dangerous - 2008'
[2026-03-31 19:00:34,637] 105 cinematch - INFO - Matched 'Sexton Blake and the Hooded Terror - 1938' \u2192 'sexton blake and the hooded terror - 1938'
[2026-03-31 19:00:34,774] 105 cinematch - INFO - Matched 'My Dead Ones - 2018' \u2192 'my dead ones - 2018'
[2026-03-31 19:00:34,924] 105 cinematch - INFO - Matched 'Trump vs the Illuminati - 2020' \u2192 'trump vs the illuminati - 2020'
[2026-03-31 19:00:35,067] 105 cinematch - INFO - Matched 'Yoru o koeru tabi - 2021' \u2192 'yoru o koeru tabi - 2021'
[2026-03-31 19:00:35,246] 105 cinematch - INFO - Matched 'Purgatory - VIII' \u2192 'purgatory - viii'
[2026-03-31 19:00:35,421] 105 cinematch - INFO - Matched 'Karadedeler Olayi - 2011' \u2192 'karadedeler olayi - 2011'
[2026-03-31 19:00:35,567] 275 cinematch - INFO - Mean ILS (lower=more diverse) : 0.2123
[2026-03-31 19:00:35,567] 276 cinematch - INFO - Catalogue coverage            : 0.2%
[2026-03-31 19:00:36,086] 15 cinematch - INFO - Object saved \u2192 artifacts\recommender_model.pkl
[2026-03-31 19:00:36,086] 280 cinematch - INFO - Model saved \u2192 artifacts\recommender_model.pkl
[2026-03-31 19:00:36,853] 292 cinematch - INFO - ModelTrainer: complete
[2026-03-31 19:00:36,853] 43 cinematch - INFO - TRAIN PIPELINE: COMPLETE
