[2026-03-29 01:10:09,770] 161 numexpr.utils - INFO - NumExpr defaulting to 4 threads.
[2026-03-29 01:10:10,975] 112 datasets - INFO - TensorFlow version 2.20.0 available.
[2026-03-29 01:10:15,068] 24 cinematch - INFO - =======================================================
[2026-03-29 01:10:15,068] 25 cinematch - INFO -   TRAIN PIPELINE: START
[2026-03-29 01:10:15,068] 26 cinematch - INFO - =======================================================
[2026-03-29 01:10:15,068] 29 cinematch - INFO - Step 1: Data Ingestion
[2026-03-29 01:10:15,068] 38 cinematch - INFO - DataIngestion: starting
[2026-03-29 01:10:15,069] 40 cinematch - INFO - Fetching dataset: jquigl/imdb-genres
[2026-03-29 01:10:35,913] 46 cinematch - INFO - Raw columns : ['movie title - year', 'genre', 'expanded-genres', 'rating', 'description']
[2026-03-29 01:10:35,914] 47 cinematch - INFO - Train shape : (238256, 5)
[2026-03-29 01:10:35,914] 48 cinematch - INFO - Val   shape : (29809, 5)
[2026-03-29 01:10:35,921] 56 cinematch - INFO - Normalised columns: ['title', 'genre', 'expanded-genres', 'ratings', 'description']
[2026-03-29 01:10:37,260] 64 cinematch - INFO - Saved train \u2192 artifacts\raw_train.csv
[2026-03-29 01:10:37,261] 65 cinematch - INFO - Saved val   \u2192 artifacts\raw_val.csv
[2026-03-29 01:10:37,261] 66 cinematch - INFO - DataIngestion: complete
[2026-03-29 01:10:37,315] 34 cinematch - INFO - Step 2: Data Transformation
[2026-03-29 01:10:37,316] 83 cinematch - INFO - DataTransformation: starting
[2026-03-29 01:10:38,351] 86 cinematch - INFO - Loaded raw data  : (238256, 5)
[2026-03-29 01:10:38,352] 87 cinematch - INFO - Columns found    : ['title', 'genre', 'expanded-genres', 'ratings', 'description']
[2026-03-29 01:10:38,427] 103 cinematch - INFO - Dropped 0 rows with null description
[2026-03-29 01:10:38,762] 112 cinematch - INFO - Dropped 76475 duplicate rows — 161,781 unique movies remain
[2026-03-29 01:10:38,762] 115 cinematch - INFO - Cleaning description text…
[2026-03-29 01:11:03,289] 118 cinematch - INFO - After cleaning: 161,777 movies retained
[2026-03-29 01:11:03,289] 121 cinematch - INFO - Fitting TF-IDF vectorizer…
[2026-03-29 01:11:17,531] 129 cinematch - INFO - TF-IDF matrix shape : (161777, 20000)
[2026-03-29 01:11:17,531] 131 cinematch - INFO - Matrix sparsity     : 99.91%
[2026-03-29 01:11:17,746] 15 cinematch - INFO - Object saved \u2192 artifacts\processed_movies.pkl
[2026-03-29 01:11:17,800] 15 cinematch - INFO - Object saved \u2192 artifacts\tfidf_vectorizer.pkl
[2026-03-29 01:11:17,973] 15 cinematch - INFO - Object saved \u2192 artifacts\tfidf_matrix.pkl
[2026-03-29 01:11:17,974] 138 cinematch - INFO - DataTransformation: complete
[2026-03-29 01:11:17,974] 39 cinematch - INFO - Step 3: Model Training & Evaluation
[2026-03-29 01:11:17,974] 241 cinematch - INFO - ModelTrainer: starting
[2026-03-29 01:11:18,203] 246 cinematch - INFO - Evaluating model…
[2026-03-29 01:11:18,236] 105 cinematch - INFO - Matched 'Merchandise - nan' \u2192 'merchandise - nan'
[2026-03-29 01:11:18,411] 105 cinematch - INFO - Matched 'Planzet - 2010' \u2192 'planzet - 2010'
[2026-03-29 01:11:18,590] 105 cinematch - INFO - Matched 'A Song in the Shell - nan' \u2192 'a song in the shell - nan'
[2026-03-29 01:11:18,741] 105 cinematch - INFO - Matched 'The Frog Prince - 1986' \u2192 'the frog prince - 1986'
[2026-03-29 01:11:18,892] 105 cinematch - INFO - Matched 'Operation Wolves - 2019' \u2192 'operation wolves - 2019'
[2026-03-29 01:11:19,067] 105 cinematch - INFO - Matched 'Native Son - 1986' \u2192 'native son - 1986'
[2026-03-29 01:11:19,218] 105 cinematch - INFO - Matched 'Alive Alone - nan' \u2192 'alive alone - nan'
[2026-03-29 01:11:19,370] 105 cinematch - INFO - Matched 'Lua Trung Tuyên - 1961' \u2192 'lua trung tuyên - 1961'
[2026-03-29 01:11:19,560] 105 cinematch - INFO - Matched 'Twisted - 2022' \u2192 'twisted - 2022'
[2026-03-29 01:11:19,703] 105 cinematch - INFO - Matched 'KostyaNika. Vremya leta - 2006' \u2192 'kostyanika. vremya leta - 2006'
[2026-03-29 01:11:19,865] 105 cinematch - INFO - Matched 'Godfrey - nan' \u2192 'godfrey - nan'
[2026-03-29 01:11:20,054] 105 cinematch - INFO - Matched 'Lui - 2021' \u2192 'lui - 2021'
[2026-03-29 01:11:20,211] 105 cinematch - INFO - Matched 'Trhauma - 1980' \u2192 'trhauma - 1980'
[2026-03-29 01:11:20,349] 105 cinematch - INFO - Matched 'Beyond Remedy - 2009' \u2192 'beyond remedy - 2009'
[2026-03-29 01:11:20,498] 105 cinematch - INFO - Matched 'Four Girls in White - 1939' \u2192 'four girls in white - 1939'
[2026-03-29 01:11:20,651] 105 cinematch - INFO - Matched 'Bond and Holmes: Antiheroines - 2020' \u2192 'bond and holmes: antiheroines - 2020'
[2026-03-29 01:11:20,799] 105 cinematch - INFO - Matched 'Jake and the Giants - 2015' \u2192 'jake and the giants - 2015'
[2026-03-29 01:11:20,958] 105 cinematch - INFO - Matched 'The Shopsoiled Girl - 1915' \u2192 'the shopsoiled girl - 1915'
[2026-03-29 01:11:21,128] 105 cinematch - INFO - Matched 'Sand in My Sandwich - nan' \u2192 'sand in my sandwich - nan'
[2026-03-29 01:11:21,262] 105 cinematch - INFO - Matched 'The Art of Passion - 2022' \u2192 'the art of passion - 2022'
[2026-03-29 01:11:21,400] 105 cinematch - INFO - Matched 'La mille et deuxième nuit - 1933' \u2192 'la mille et deuxième nuit - 1933'
[2026-03-29 01:11:21,557] 105 cinematch - INFO - Matched 'The Witch and the Ottoman - 2021' \u2192 'the witch and the ottoman - 2021'
[2026-03-29 01:11:21,722] 105 cinematch - INFO - Matched 'The Cupboard Was Bare - 1948' \u2192 'the cupboard was bare - 1948'
[2026-03-29 01:11:21,886] 105 cinematch - INFO - Matched 'Good Morning Babylon - 1987' \u2192 'good morning babylon - 1987'
[2026-03-29 01:11:22,037] 105 cinematch - INFO - Matched 'Dolly Dearest - 1991' \u2192 'dolly dearest - 1991'
[2026-03-29 01:11:22,194] 105 cinematch - INFO - Matched 'The Swordsman - 1990' \u2192 'the swordsman - 1990'
[2026-03-29 01:11:22,355] 105 cinematch - INFO - Matched 'Tiki Bar Pirates - nan' \u2192 'tiki bar pirates - nan'
[2026-03-29 01:11:22,499] 105 cinematch - INFO - Matched 'Sadness and Joy in the Life of Giraffes - 2019' \u2192 'sadness and joy in the life of giraffes - 2019'
[2026-03-29 01:11:22,664] 105 cinematch - INFO - Matched 'Lazar - 2015' \u2192 'lazar - 2015'
[2026-03-29 01:11:22,812] 105 cinematch - INFO - Matched 'Gorgones kai mages - 1968' \u2192 'gorgones kai mages - 1968'
[2026-03-29 01:11:22,968] 105 cinematch - INFO - Matched 'Nostrum - 2010' \u2192 'nostrum - 2010'
[2026-03-29 01:11:23,130] 105 cinematch - INFO - Matched 'Simha - 2010' \u2192 'simha - 2010'
[2026-03-29 01:11:23,273] 105 cinematch - INFO - Matched 'Flipside - nan' \u2192 'flipside - nan'
[2026-03-29 01:11:23,398] 105 cinematch - INFO - Matched 'The Alaska Wilderness Adventure - 1978' \u2192 'the alaska wilderness adventure - 1978'
[2026-03-29 01:11:23,546] 105 cinematch - INFO - Matched 'Donovan's Reef - 1963' \u2192 'donovan's reef - 1963'
[2026-03-29 01:11:23,701] 105 cinematch - INFO - Matched 'An Ultraviolent Colour - 2018' \u2192 'an ultraviolent colour - 2018'
[2026-03-29 01:11:23,847] 105 cinematch - INFO - Matched 'The Song of Sway Lake - 2018' \u2192 'the song of sway lake - 2018'
[2026-03-29 01:11:24,000] 105 cinematch - INFO - Matched 'Fangs - 2022' \u2192 'fangs - 2022'
[2026-03-29 01:11:24,144] 105 cinematch - INFO - Matched 'Manila Boy - 1993' \u2192 'manila boy - 1993'
[2026-03-29 01:11:24,304] 105 cinematch - INFO - Matched 'The Romance of Annie Laurie - 1920' \u2192 'the romance of annie laurie - 1920'
[2026-03-29 01:11:24,452] 105 cinematch - INFO - Matched 'The Hammer of God - 1970' \u2192 'the hammer of god - 1970'
[2026-03-29 01:11:24,670] 105 cinematch - INFO - Matched 'Possession Diaries - 2019' \u2192 'possession diaries - 2019'
[2026-03-29 01:11:25,002] 105 cinematch - INFO - Matched 'House of Darkness - 2022' \u2192 'house of darkness - 2022'
[2026-03-29 01:11:25,304] 105 cinematch - INFO - Matched 'Private Valentine: Blonde & Dangerous - 2008' \u2192 'private valentine: blonde & dangerous - 2008'
[2026-03-29 01:11:25,492] 105 cinematch - INFO - Matched 'Sexton Blake and the Hooded Terror - 1938' \u2192 'sexton blake and the hooded terror - 1938'
[2026-03-29 01:11:25,730] 105 cinematch - INFO - Matched 'My Dead Ones - 2018' \u2192 'my dead ones - 2018'
[2026-03-29 01:11:25,981] 105 cinematch - INFO - Matched 'Trump vs the Illuminati - 2020' \u2192 'trump vs the illuminati - 2020'
[2026-03-29 01:11:26,237] 105 cinematch - INFO - Matched 'Yoru o koeru tabi - 2021' \u2192 'yoru o koeru tabi - 2021'
[2026-03-29 01:11:26,445] 105 cinematch - INFO - Matched 'Purgatory - VIII' \u2192 'purgatory - viii'
[2026-03-29 01:11:26,597] 105 cinematch - INFO - Matched 'Karadedeler Olayi - 2011' \u2192 'karadedeler olayi - 2011'
[2026-03-29 01:11:26,769] 275 cinematch - INFO - Mean ILS (lower=more diverse) : 0.2123
[2026-03-29 01:11:26,769] 276 cinematch - INFO - Catalogue coverage            : 0.2%
[2026-03-29 01:11:27,389] 15 cinematch - INFO - Object saved \u2192 artifacts\recommender_model.pkl
[2026-03-29 01:11:27,389] 280 cinematch - INFO - Model saved \u2192 artifacts\recommender_model.pkl
[2026-03-29 01:11:28,283] 292 cinematch - INFO - ModelTrainer: complete
[2026-03-29 01:11:28,284] 43 cinematch - INFO - TRAIN PIPELINE: COMPLETE
